[2024-08-28T10:04:17.357244+00:00] main.INFO: 0 cron jobs were cleaned [] []
[2024-08-28T10:04:17.372863+00:00] main.INFO: 15 cron jobs were cleaned [] []
[2024-08-28T10:04:18.395794+00:00] main.INFO: 2 cron jobs were cleaned [] []
[2024-08-28T10:04:18.460774+00:00] main.INFO: 1 cron jobs were cleaned [] []
[2024-08-28T10:04:18.527064+00:00] main.INFO: Cron Job indexer_reindex_all_invalid is missed at 2024-08-27 12:56:00 [] []
[2024-08-28T10:04:18.540197+00:00] main.INFO: Cron Job indexer_reindex_all_invalid is missed at 2024-08-27 12:57:00 [] []
[2024-08-28T10:04:18.555729+00:00] main.INFO: Cron Job indexer_reindex_all_invalid is missed at 2024-08-27 12:58:00 [] []
[2024-08-28T10:04:18.582251+00:00] main.INFO: Cron Job indexer_reindex_all_invalid is run [] []
[2024-08-28T10:04:18.607889+00:00] main.INFO: 38 cron jobs were cleaned [] []
[2024-08-28T10:04:18.610877+00:00] main.INFO: Cron Job indexer_reindex_all_invalid is successfully finished. Statistics: {"sum":0.02878999710083,"count":1,"realmem":0,"emalloc":935816,"realmem_start":199753728,"emalloc_start":185331104} [] []
[2024-08-28T10:04:18.614377+00:00] main.INFO: 138 cron jobs were cleaned [] []
[2024-08-28T10:04:18.633030+00:00] main.INFO: Cron Job indexer_update_all_views is missed at 2024-08-27 12:56:00 [] []
[2024-08-28T10:04:18.651343+00:00] main.INFO: Cron Job indexer_update_all_views is missed at 2024-08-27 12:57:00 [] []
[2024-08-28T10:04:18.669598+00:00] main.INFO: Cron Job indexer_update_all_views is missed at 2024-08-27 12:58:00 [] []
[2024-08-28T10:04:18.694291+00:00] main.INFO: Cron Job indexer_update_all_views is run [] []
[2024-08-28T10:04:18.805775+00:00] main.INFO: Cron Job indexer_update_all_views is successfully finished. Statistics: {"sum":0.11146807670593,"count":1,"realmem":0,"emalloc":5431600,"realmem_start":199753728,"emalloc_start":186271112} [] []
[2024-08-28T10:04:19.247789+00:00] main.INFO: Cron Job consumers_runner is run [] []
[2024-08-28T10:04:19.264881+00:00] main.INFO: Cron Job consumers_runner is successfully finished. Statistics: {"sum":0.017345905303955,"count":1,"realmem":0,"emalloc":120608,"realmem_start":199753728,"emalloc_start":191034144} [] []
[2024-08-28T10:04:19.404039+00:00] main.INFO: Cron Job submit_payment_services_order_production_feed is run [] []
[2024-08-28T10:04:19.405419+00:00] main.INFO: Cron Job submit_payment_services_order_production_feed is successfully finished. Statistics: {"sum":0.0015361309051514,"count":1,"realmem":0,"emalloc":167432,"realmem_start":199753728,"emalloc_start":186071952} [] []
[2024-08-28T10:04:19.440573+00:00] main.INFO: Cron Job submit_payment_services_order_sandbox_feed is run [] []
[2024-08-28T10:04:19.440931+00:00] main.INFO: Cron Job submit_payment_services_order_sandbox_feed is successfully finished. Statistics: {"sum":0.00035214424133301,"count":1,"realmem":0,"emalloc":1072,"realmem_start":199753728,"emalloc_start":186240160} [] []
[2024-08-28T10:04:19.477260+00:00] main.INFO: Cron Job submit_payment_services_order_status_production_feed is run [] []
[2024-08-28T10:04:19.477626+00:00] main.INFO: Cron Job submit_payment_services_order_status_production_feed is successfully finished. Statistics: {"sum":0.00036406517028809,"count":1,"realmem":0,"emalloc":1072,"realmem_start":199753728,"emalloc_start":186241672} [] []
[2024-08-28T10:04:19.525919+00:00] main.INFO: Cron Job submit_payment_services_order_status_sandbox_feed is run [] []
[2024-08-28T10:04:19.526290+00:00] main.INFO: Cron Job submit_payment_services_order_status_sandbox_feed is successfully finished. Statistics: {"sum":0.00036096572875977,"count":1,"realmem":0,"emalloc":1072,"realmem_start":199753728,"emalloc_start":186243072} [] []
[2024-08-28T10:04:19.569858+00:00] main.INFO: Cron Job submit_payment_services_store_production_feed is run [] []
[2024-08-28T10:04:19.570228+00:00] main.INFO: Cron Job submit_payment_services_store_production_feed is successfully finished. Statistics: {"sum":0.00036287307739258,"count":1,"realmem":0,"emalloc":1072,"realmem_start":199753728,"emalloc_start":186244584} [] []
[2024-08-28T10:04:19.606677+00:00] main.INFO: Cron Job submit_payment_services_store_sandbox_feed is run [] []
[2024-08-28T10:04:19.607008+00:00] main.INFO: Cron Job submit_payment_services_store_sandbox_feed is successfully finished. Statistics: {"sum":0.00032711029052734,"count":1,"realmem":0,"emalloc":1072,"realmem_start":199753728,"emalloc_start":186245984} [] []
[2024-08-28T10:04:20.210325+00:00] main.INFO: Cron Job security_deactivate_expired_users is missed at 2024-08-27 13:00:00 [] []
[2024-08-28T10:04:20.217483+00:00] main.INFO: Cron Job catalog_index_refresh_price is missed at 2024-08-27 13:00:00 [] []
[2024-08-28T10:04:20.224845+00:00] main.INFO: Cron Job catalog_product_outdated_price_values_cleanup is missed at 2024-08-27 12:56:00 [] []
[2024-08-28T10:04:20.231949+00:00] main.INFO: Cron Job catalog_product_outdated_price_values_cleanup is missed at 2024-08-27 12:57:00 [] []
[2024-08-28T10:04:20.239085+00:00] main.INFO: Cron Job catalog_product_outdated_price_values_cleanup is missed at 2024-08-27 12:58:00 [] []
[2024-08-28T10:04:20.246261+00:00] main.INFO: Cron Job catalog_product_outdated_price_values_cleanup is missed at 2024-08-27 12:59:00 [] []
[2024-08-28T10:04:20.253343+00:00] main.INFO: Cron Job catalog_product_outdated_price_values_cleanup is missed at 2024-08-27 13:00:00 [] []
[2024-08-28T10:04:20.261376+00:00] main.INFO: Cron Job catalog_product_outdated_price_values_cleanup is missed at 2024-08-27 13:01:00 [] []
[2024-08-28T10:04:20.268675+00:00] main.INFO: Cron Job catalog_product_outdated_price_values_cleanup is missed at 2024-08-27 13:02:00 [] []
[2024-08-28T10:04:20.275714+00:00] main.INFO: Cron Job catalog_product_outdated_price_values_cleanup is missed at 2024-08-27 13:03:00 [] []
[2024-08-28T10:04:20.283028+00:00] main.INFO: Cron Job catalog_product_outdated_price_values_cleanup is missed at 2024-08-27 13:04:00 [] []
[2024-08-28T10:04:20.290307+00:00] main.INFO: Cron Job catalog_product_outdated_price_values_cleanup is missed at 2024-08-27 13:05:00 [] []
[2024-08-28T10:04:20.297317+00:00] main.INFO: Cron Job catalog_product_outdated_price_values_cleanup is missed at 2024-08-27 13:06:00 [] []
[2024-08-28T10:04:20.304298+00:00] main.INFO: Cron Job catalog_product_outdated_price_values_cleanup is missed at 2024-08-27 13:07:00 [] []
[2024-08-28T10:04:20.311330+00:00] main.INFO: Cron Job catalog_product_outdated_price_values_cleanup is missed at 2024-08-27 13:08:00 [] []
[2024-08-28T10:04:20.318385+00:00] main.INFO: Cron Job catalog_product_outdated_price_values_cleanup is missed at 2024-08-27 13:09:00 [] []
[2024-08-28T10:04:20.325405+00:00] main.INFO: Cron Job catalog_product_outdated_price_values_cleanup is missed at 2024-08-27 13:10:00 [] []
[2024-08-28T10:04:20.332399+00:00] main.INFO: Cron Job catalog_product_outdated_price_values_cleanup is missed at 2024-08-27 13:11:00 [] []
[2024-08-28T10:04:20.339510+00:00] main.INFO: Cron Job catalog_product_outdated_price_values_cleanup is missed at 2024-08-27 13:12:00 [] []
[2024-08-28T10:04:20.346506+00:00] main.INFO: Cron Job catalog_product_outdated_price_values_cleanup is missed at 2024-08-27 13:13:00 [] []
[2024-08-28T10:04:20.353585+00:00] main.INFO: Cron Job catalog_product_outdated_price_values_cleanup is missed at 2024-08-27 13:14:00 [] []
[2024-08-28T10:04:20.360710+00:00] main.INFO: Cron Job catalog_product_frontend_actions_flush is missed at 2024-08-27 12:56:00 [] []
[2024-08-28T10:04:20.367853+00:00] main.INFO: Cron Job catalog_product_frontend_actions_flush is missed at 2024-08-27 12:57:00 [] []
[2024-08-28T10:04:20.374996+00:00] main.INFO: Cron Job catalog_product_frontend_actions_flush is missed at 2024-08-27 12:58:00 [] []
[2024-08-28T10:04:20.382113+00:00] main.INFO: Cron Job catalog_product_frontend_actions_flush is missed at 2024-08-27 12:59:00 [] []
[2024-08-28T10:04:20.389128+00:00] main.INFO: Cron Job catalog_product_frontend_actions_flush is missed at 2024-08-27 13:00:00 [] []
[2024-08-28T10:04:20.395892+00:00] main.INFO: Cron Job catalog_product_frontend_actions_flush is missed at 2024-08-27 13:01:00 [] []
[2024-08-28T10:04:20.402956+00:00] main.INFO: Cron Job catalog_product_frontend_actions_flush is missed at 2024-08-27 13:02:00 [] []
[2024-08-28T10:04:20.410057+00:00] main.INFO: Cron Job catalog_product_frontend_actions_flush is missed at 2024-08-27 13:03:00 [] []
[2024-08-28T10:04:20.417095+00:00] main.INFO: Cron Job catalog_product_frontend_actions_flush is missed at 2024-08-27 13:04:00 [] []
[2024-08-28T10:04:20.424168+00:00] main.INFO: Cron Job catalog_product_frontend_actions_flush is missed at 2024-08-27 13:05:00 [] []
[2024-08-28T10:04:20.431357+00:00] main.INFO: Cron Job catalog_product_frontend_actions_flush is missed at 2024-08-27 13:06:00 [] []
[2024-08-28T10:04:20.438423+00:00] main.INFO: Cron Job catalog_product_frontend_actions_flush is missed at 2024-08-27 13:07:00 [] []
[2024-08-28T10:04:20.445558+00:00] main.INFO: Cron Job catalog_product_frontend_actions_flush is missed at 2024-08-27 13:08:00 [] []
[2024-08-28T10:04:20.453082+00:00] main.INFO: Cron Job catalog_product_frontend_actions_flush is missed at 2024-08-27 13:09:00 [] []
[2024-08-28T10:04:20.463695+00:00] main.INFO: Cron Job catalog_product_frontend_actions_flush is missed at 2024-08-27 13:10:00 [] []
[2024-08-28T10:04:20.470851+00:00] main.INFO: Cron Job catalog_product_frontend_actions_flush is missed at 2024-08-27 13:11:00 [] []
[2024-08-28T10:04:20.478101+00:00] main.INFO: Cron Job catalog_product_frontend_actions_flush is missed at 2024-08-27 13:12:00 [] []
[2024-08-28T10:04:20.484974+00:00] main.INFO: Cron Job catalog_product_frontend_actions_flush is missed at 2024-08-27 13:13:00 [] []
[2024-08-28T10:04:20.491764+00:00] main.INFO: Cron Job catalog_product_frontend_actions_flush is missed at 2024-08-27 13:14:00 [] []
[2024-08-28T10:04:20.498694+00:00] main.INFO: Cron Job catalog_product_attribute_value_synchronize is missed at 2024-08-27 13:00:00 [] []
[2024-08-28T10:04:20.505730+00:00] main.INFO: Cron Job catalog_product_attribute_value_synchronize is missed at 2024-08-27 13:05:00 [] []
[2024-08-28T10:04:20.512711+00:00] main.INFO: Cron Job catalog_product_attribute_value_synchronize is missed at 2024-08-27 13:10:00 [] []
[2024-08-28T10:04:20.520063+00:00] main.INFO: Cron Job outdated_authentication_failures_cleanup is missed at 2024-08-27 12:56:00 [] []
[2024-08-28T10:04:20.527240+00:00] main.INFO: Cron Job outdated_authentication_failures_cleanup is missed at 2024-08-27 12:57:00 [] []
[2024-08-28T10:04:20.534958+00:00] main.INFO: Cron Job outdated_authentication_failures_cleanup is missed at 2024-08-27 12:58:00 [] []
[2024-08-28T10:04:20.542058+00:00] main.INFO: Cron Job outdated_authentication_failures_cleanup is missed at 2024-08-27 12:59:00 [] []
[2024-08-28T10:04:20.550542+00:00] main.INFO: Cron Job outdated_authentication_failures_cleanup is missed at 2024-08-27 13:00:00 [] []
[2024-08-28T10:04:20.557819+00:00] main.INFO: Cron Job outdated_authentication_failures_cleanup is missed at 2024-08-27 13:01:00 [] []
[2024-08-28T10:04:20.566215+00:00] main.INFO: Cron Job outdated_authentication_failures_cleanup is missed at 2024-08-27 13:02:00 [] []
[2024-08-28T10:04:20.573961+00:00] main.INFO: Cron Job outdated_authentication_failures_cleanup is missed at 2024-08-27 13:03:00 [] []
[2024-08-28T10:04:20.580915+00:00] main.INFO: Cron Job outdated_authentication_failures_cleanup is missed at 2024-08-27 13:04:00 [] []
[2024-08-28T10:04:20.588158+00:00] main.INFO: Cron Job outdated_authentication_failures_cleanup is missed at 2024-08-27 13:05:00 [] []
[2024-08-28T10:04:20.595408+00:00] main.INFO: Cron Job outdated_authentication_failures_cleanup is missed at 2024-08-27 13:06:00 [] []
[2024-08-28T10:04:20.602777+00:00] main.INFO: Cron Job outdated_authentication_failures_cleanup is missed at 2024-08-27 13:07:00 [] []
[2024-08-28T10:04:20.609940+00:00] main.INFO: Cron Job outdated_authentication_failures_cleanup is missed at 2024-08-27 13:08:00 [] []
[2024-08-28T10:04:20.617113+00:00] main.INFO: Cron Job outdated_authentication_failures_cleanup is missed at 2024-08-27 13:09:00 [] []
[2024-08-28T10:04:20.624206+00:00] main.INFO: Cron Job outdated_authentication_failures_cleanup is missed at 2024-08-27 13:10:00 [] []
[2024-08-28T10:04:20.631236+00:00] main.INFO: Cron Job outdated_authentication_failures_cleanup is missed at 2024-08-27 13:11:00 [] []
[2024-08-28T10:04:20.637820+00:00] main.INFO: Cron Job outdated_authentication_failures_cleanup is missed at 2024-08-27 13:12:00 [] []
[2024-08-28T10:04:20.649972+00:00] main.INFO: Cron Job outdated_authentication_failures_cleanup is missed at 2024-08-27 13:13:00 [] []
[2024-08-28T10:04:20.659752+00:00] main.INFO: Cron Job outdated_authentication_failures_cleanup is missed at 2024-08-27 13:14:00 [] []
[2024-08-28T10:04:20.669007+00:00] main.INFO: Cron Job expired_tokens_cleanup is missed at 2024-08-27 13:00:00 [] []
[2024-08-28T10:04:20.676027+00:00] main.INFO: Cron Job sales_clean_orders is missed at 2024-08-27 13:00:00 [] []
[2024-08-28T10:04:20.682756+00:00] main.INFO: Cron Job sales_grid_order_async_insert is missed at 2024-08-27 12:56:00 [] []
[2024-08-28T10:04:20.689295+00:00] main.INFO: Cron Job sales_grid_order_async_insert is missed at 2024-08-27 12:57:00 [] []
[2024-08-28T10:04:20.695926+00:00] main.INFO: Cron Job sales_grid_order_async_insert is missed at 2024-08-27 12:58:00 [] []
[2024-08-28T10:04:20.702565+00:00] main.INFO: Cron Job sales_grid_order_async_insert is missed at 2024-08-27 12:59:00 [] []
[2024-08-28T10:04:20.709290+00:00] main.INFO: Cron Job sales_grid_order_async_insert is missed at 2024-08-27 13:00:00 [] []
[2024-08-28T10:04:20.719528+00:00] main.INFO: Cron Job sales_grid_order_async_insert is missed at 2024-08-27 13:01:00 [] []
[2024-08-28T10:04:20.726369+00:00] main.INFO: Cron Job sales_grid_order_async_insert is missed at 2024-08-27 13:02:00 [] []
[2024-08-28T10:04:20.733116+00:00] main.INFO: Cron Job sales_grid_order_async_insert is missed at 2024-08-27 13:03:00 [] []
[2024-08-28T10:04:20.739816+00:00] main.INFO: Cron Job sales_grid_order_async_insert is missed at 2024-08-27 13:04:00 [] []
[2024-08-28T10:04:20.746564+00:00] main.INFO: Cron Job sales_grid_order_async_insert is missed at 2024-08-27 13:05:00 [] []
[2024-08-28T10:04:20.753284+00:00] main.INFO: Cron Job sales_grid_order_async_insert is missed at 2024-08-27 13:06:00 [] []
[2024-08-28T10:04:20.759960+00:00] main.INFO: Cron Job sales_grid_order_async_insert is missed at 2024-08-27 13:07:00 [] []
[2024-08-28T10:04:20.777181+00:00] main.INFO: Cron Job sales_grid_order_async_insert is missed at 2024-08-27 13:08:00 [] []
[2024-08-28T10:04:20.786651+00:00] main.INFO: Cron Job sales_grid_order_async_insert is missed at 2024-08-27 13:09:00 [] []
[2024-08-28T10:04:20.793609+00:00] main.INFO: Cron Job sales_grid_order_async_insert is missed at 2024-08-27 13:10:00 [] []
[2024-08-28T10:04:20.800944+00:00] main.INFO: Cron Job sales_grid_order_async_insert is missed at 2024-08-27 13:11:00 [] []
[2024-08-28T10:04:20.808126+00:00] main.INFO: Cron Job sales_grid_order_async_insert is missed at 2024-08-27 13:12:00 [] []
[2024-08-28T10:04:20.815188+00:00] main.INFO: Cron Job sales_grid_order_async_insert is missed at 2024-08-27 13:13:00 [] []
[2024-08-28T10:04:20.822281+00:00] main.INFO: Cron Job sales_grid_order_async_insert is missed at 2024-08-27 13:14:00 [] []
[2024-08-28T10:04:20.829595+00:00] main.INFO: Cron Job sales_grid_order_invoice_async_insert is missed at 2024-08-27 12:56:00 [] []
[2024-08-28T10:04:20.837016+00:00] main.INFO: Cron Job sales_grid_order_invoice_async_insert is missed at 2024-08-27 12:57:00 [] []
[2024-08-28T10:04:20.843863+00:00] main.INFO: Cron Job sales_grid_order_invoice_async_insert is missed at 2024-08-27 12:58:00 [] []
[2024-08-28T10:04:20.850793+00:00] main.INFO: Cron Job sales_grid_order_invoice_async_insert is missed at 2024-08-27 12:59:00 [] []
[2024-08-28T10:04:20.858314+00:00] main.INFO: Cron Job sales_grid_order_invoice_async_insert is missed at 2024-08-27 13:00:00 [] []
[2024-08-28T10:04:20.866641+00:00] main.INFO: Cron Job sales_grid_order_invoice_async_insert is missed at 2024-08-27 13:01:00 [] []
[2024-08-28T10:04:20.874902+00:00] main.INFO: Cron Job sales_grid_order_invoice_async_insert is missed at 2024-08-27 13:02:00 [] []
[2024-08-28T10:04:20.882028+00:00] main.INFO: Cron Job sales_grid_order_invoice_async_insert is missed at 2024-08-27 13:03:00 [] []
[2024-08-28T10:04:20.889043+00:00] main.INFO: Cron Job sales_grid_order_invoice_async_insert is missed at 2024-08-27 13:04:00 [] []
[2024-08-28T10:04:20.896163+00:00] main.INFO: Cron Job sales_grid_order_invoice_async_insert is missed at 2024-08-27 13:05:00 [] []
[2024-08-28T10:04:20.904242+00:00] main.INFO: Cron Job sales_grid_order_invoice_async_insert is missed at 2024-08-27 13:06:00 [] []
[2024-08-28T10:04:20.912441+00:00] main.INFO: Cron Job sales_grid_order_invoice_async_insert is missed at 2024-08-27 13:07:00 [] []
[2024-08-28T10:04:20.919524+00:00] main.INFO: Cron Job sales_grid_order_invoice_async_insert is missed at 2024-08-27 13:08:00 [] []
[2024-08-28T10:04:20.927336+00:00] main.INFO: Cron Job sales_grid_order_invoice_async_insert is missed at 2024-08-27 13:09:00 [] []
[2024-08-28T10:04:20.934527+00:00] main.INFO: Cron Job sales_grid_order_invoice_async_insert is missed at 2024-08-27 13:10:00 [] []
[2024-08-28T10:04:20.943724+00:00] main.INFO: Cron Job sales_grid_order_invoice_async_insert is missed at 2024-08-27 13:11:00 [] []
[2024-08-28T10:04:20.950663+00:00] main.INFO: Cron Job sales_grid_order_invoice_async_insert is missed at 2024-08-27 13:12:00 [] []
[2024-08-28T10:04:20.957613+00:00] main.INFO: Cron Job sales_grid_order_invoice_async_insert is missed at 2024-08-27 13:13:00 [] []
[2024-08-28T10:04:20.964623+00:00] main.INFO: Cron Job sales_grid_order_invoice_async_insert is missed at 2024-08-27 13:14:00 [] []
[2024-08-28T10:04:20.971561+00:00] main.INFO: Cron Job sales_grid_order_shipment_async_insert is missed at 2024-08-27 12:56:00 [] []
[2024-08-28T10:04:20.978604+00:00] main.INFO: Cron Job sales_grid_order_shipment_async_insert is missed at 2024-08-27 12:57:00 [] []
[2024-08-28T10:04:20.985569+00:00] main.INFO: Cron Job sales_grid_order_shipment_async_insert is missed at 2024-08-27 12:58:00 [] []
[2024-08-28T10:04:20.993851+00:00] main.INFO: Cron Job sales_grid_order_shipment_async_insert is missed at 2024-08-27 12:59:00 [] []
[2024-08-28T10:04:21.000900+00:00] main.INFO: Cron Job sales_grid_order_shipment_async_insert is missed at 2024-08-27 13:00:00 [] []
[2024-08-28T10:04:21.007677+00:00] main.INFO: Cron Job sales_grid_order_shipment_async_insert is missed at 2024-08-27 13:01:00 [] []
[2024-08-28T10:04:21.014488+00:00] main.INFO: Cron Job sales_grid_order_shipment_async_insert is missed at 2024-08-27 13:02:00 [] []
[2024-08-28T10:04:21.021346+00:00] main.INFO: Cron Job sales_grid_order_shipment_async_insert is missed at 2024-08-27 13:03:00 [] []
[2024-08-28T10:04:21.028623+00:00] main.INFO: Cron Job sales_grid_order_shipment_async_insert is missed at 2024-08-27 13:04:00 [] []
[2024-08-28T10:04:21.035550+00:00] main.INFO: Cron Job sales_grid_order_shipment_async_insert is missed at 2024-08-27 13:05:00 [] []
[2024-08-28T10:04:21.042358+00:00] main.INFO: Cron Job sales_grid_order_shipment_async_insert is missed at 2024-08-27 13:06:00 [] []
[2024-08-28T10:04:21.049061+00:00] main.INFO: Cron Job sales_grid_order_shipment_async_insert is missed at 2024-08-27 13:07:00 [] []
[2024-08-28T10:04:21.055948+00:00] main.INFO: Cron Job sales_grid_order_shipment_async_insert is missed at 2024-08-27 13:08:00 [] []
[2024-08-28T10:04:21.062809+00:00] main.INFO: Cron Job sales_grid_order_shipment_async_insert is missed at 2024-08-27 13:09:00 [] []
[2024-08-28T10:04:21.069865+00:00] main.INFO: Cron Job sales_grid_order_shipment_async_insert is missed at 2024-08-27 13:10:00 [] []
[2024-08-28T10:04:21.076651+00:00] main.INFO: Cron Job sales_grid_order_shipment_async_insert is missed at 2024-08-27 13:11:00 [] []
[2024-08-28T10:04:21.090077+00:00] main.INFO: Cron Job sales_grid_order_shipment_async_insert is missed at 2024-08-27 13:12:00 [] []
[2024-08-28T10:04:21.097243+00:00] main.INFO: Cron Job sales_grid_order_shipment_async_insert is missed at 2024-08-27 13:13:00 [] []
[2024-08-28T10:04:21.104475+00:00] main.INFO: Cron Job sales_grid_order_shipment_async_insert is missed at 2024-08-27 13:14:00 [] []
[2024-08-28T10:04:21.112117+00:00] main.INFO: Cron Job sales_grid_order_creditmemo_async_insert is missed at 2024-08-27 12:56:00 [] []
[2024-08-28T10:04:21.119489+00:00] main.INFO: Cron Job sales_grid_order_creditmemo_async_insert is missed at 2024-08-27 12:57:00 [] []
[2024-08-28T10:04:21.126970+00:00] main.INFO: Cron Job sales_grid_order_creditmemo_async_insert is missed at 2024-08-27 12:58:00 [] []
[2024-08-28T10:04:21.134545+00:00] main.INFO: Cron Job sales_grid_order_creditmemo_async_insert is missed at 2024-08-27 12:59:00 [] []
[2024-08-28T10:04:21.141695+00:00] main.INFO: Cron Job sales_grid_order_creditmemo_async_insert is missed at 2024-08-27 13:00:00 [] []
[2024-08-28T10:04:21.148886+00:00] main.INFO: Cron Job sales_grid_order_creditmemo_async_insert is missed at 2024-08-27 13:01:00 [] []
[2024-08-28T10:04:21.156909+00:00] main.INFO: Cron Job sales_grid_order_creditmemo_async_insert is missed at 2024-08-27 13:02:00 [] []
[2024-08-28T10:04:21.164234+00:00] main.INFO: Cron Job sales_grid_order_creditmemo_async_insert is missed at 2024-08-27 13:03:00 [] []
[2024-08-28T10:04:21.171337+00:00] main.INFO: Cron Job sales_grid_order_creditmemo_async_insert is missed at 2024-08-27 13:04:00 [] []
[2024-08-28T10:04:21.178552+00:00] main.INFO: Cron Job sales_grid_order_creditmemo_async_insert is missed at 2024-08-27 13:05:00 [] []
[2024-08-28T10:04:21.185698+00:00] main.INFO: Cron Job sales_grid_order_creditmemo_async_insert is missed at 2024-08-27 13:06:00 [] []
[2024-08-28T10:04:21.193408+00:00] main.INFO: Cron Job sales_grid_order_creditmemo_async_insert is missed at 2024-08-27 13:07:00 [] []
[2024-08-28T10:04:21.200659+00:00] main.INFO: Cron Job sales_grid_order_creditmemo_async_insert is missed at 2024-08-27 13:08:00 [] []
[2024-08-28T10:04:21.207609+00:00] main.INFO: Cron Job sales_grid_order_creditmemo_async_insert is missed at 2024-08-27 13:09:00 [] []
[2024-08-28T10:04:21.214490+00:00] main.INFO: Cron Job sales_grid_order_creditmemo_async_insert is missed at 2024-08-27 13:10:00 [] []
[2024-08-28T10:04:21.221436+00:00] main.INFO: Cron Job sales_grid_order_creditmemo_async_insert is missed at 2024-08-27 13:11:00 [] []
[2024-08-28T10:04:21.228532+00:00] main.INFO: Cron Job sales_grid_order_creditmemo_async_insert is missed at 2024-08-27 13:12:00 [] []
[2024-08-28T10:04:21.235652+00:00] main.INFO: Cron Job sales_grid_order_creditmemo_async_insert is missed at 2024-08-27 13:13:00 [] []
[2024-08-28T10:04:21.242532+00:00] main.INFO: Cron Job sales_grid_order_creditmemo_async_insert is missed at 2024-08-27 13:14:00 [] []
[2024-08-28T10:04:21.249598+00:00] main.INFO: Cron Job sales_send_order_emails is missed at 2024-08-27 12:56:00 [] []
[2024-08-28T10:04:21.256459+00:00] main.INFO: Cron Job sales_send_order_emails is missed at 2024-08-27 12:57:00 [] []
[2024-08-28T10:04:21.263660+00:00] main.INFO: Cron Job sales_send_order_emails is missed at 2024-08-27 12:58:00 [] []
[2024-08-28T10:04:21.270559+00:00] main.INFO: Cron Job sales_send_order_emails is missed at 2024-08-27 12:59:00 [] []
[2024-08-28T10:04:21.277440+00:00] main.INFO: Cron Job sales_send_order_emails is missed at 2024-08-27 13:00:00 [] []
[2024-08-28T10:04:21.284390+00:00] main.INFO: Cron Job sales_send_order_emails is missed at 2024-08-27 13:01:00 [] []
[2024-08-28T10:04:21.291410+00:00] main.INFO: Cron Job sales_send_order_emails is missed at 2024-08-27 13:02:00 [] []
[2024-08-28T10:04:21.298381+00:00] main.INFO: Cron Job sales_send_order_emails is missed at 2024-08-27 13:03:00 [] []
[2024-08-28T10:04:21.305201+00:00] main.INFO: Cron Job sales_send_order_emails is missed at 2024-08-27 13:04:00 [] []
[2024-08-28T10:04:21.312116+00:00] main.INFO: Cron Job sales_send_order_emails is missed at 2024-08-27 13:05:00 [] []
[2024-08-28T10:04:21.318956+00:00] main.INFO: Cron Job sales_send_order_emails is missed at 2024-08-27 13:06:00 [] []
[2024-08-28T10:04:21.325764+00:00] main.INFO: Cron Job sales_send_order_emails is missed at 2024-08-27 13:07:00 [] []
[2024-08-28T10:04:21.332736+00:00] main.INFO: Cron Job sales_send_order_emails is missed at 2024-08-27 13:08:00 [] []
[2024-08-28T10:04:21.339603+00:00] main.INFO: Cron Job sales_send_order_emails is missed at 2024-08-27 13:09:00 [] []
[2024-08-28T10:04:21.346432+00:00] main.INFO: Cron Job sales_send_order_emails is missed at 2024-08-27 13:10:00 [] []
[2024-08-28T10:04:21.353626+00:00] main.INFO: Cron Job sales_send_order_emails is missed at 2024-08-27 13:11:00 [] []
[2024-08-28T10:04:21.360541+00:00] main.INFO: Cron Job sales_send_order_emails is missed at 2024-08-27 13:12:00 [] []
[2024-08-28T10:04:21.367390+00:00] main.INFO: Cron Job sales_send_order_emails is missed at 2024-08-27 13:13:00 [] []
[2024-08-28T10:04:21.374201+00:00] main.INFO: Cron Job sales_send_order_emails is missed at 2024-08-27 13:14:00 [] []
[2024-08-28T10:04:21.381099+00:00] main.INFO: Cron Job sales_send_order_invoice_emails is missed at 2024-08-27 12:56:00 [] []
[2024-08-28T10:04:21.388101+00:00] main.INFO: Cron Job sales_send_order_invoice_emails is missed at 2024-08-27 12:57:00 [] []
[2024-08-28T10:04:21.394963+00:00] main.INFO: Cron Job sales_send_order_invoice_emails is missed at 2024-08-27 12:58:00 [] []
[2024-08-28T10:04:21.401839+00:00] main.INFO: Cron Job sales_send_order_invoice_emails is missed at 2024-08-27 12:59:00 [] []
[2024-08-28T10:04:21.408901+00:00] main.INFO: Cron Job sales_send_order_invoice_emails is missed at 2024-08-27 13:00:00 [] []
[2024-08-28T10:04:21.415867+00:00] main.INFO: Cron Job sales_send_order_invoice_emails is missed at 2024-08-27 13:01:00 [] []
[2024-08-28T10:04:21.422682+00:00] main.INFO: Cron Job sales_send_order_invoice_emails is missed at 2024-08-27 13:02:00 [] []
[2024-08-28T10:04:21.429641+00:00] main.INFO: Cron Job sales_send_order_invoice_emails is missed at 2024-08-27 13:03:00 [] []
[2024-08-28T10:04:21.436650+00:00] main.INFO: Cron Job sales_send_order_invoice_emails is missed at 2024-08-27 13:04:00 [] []
[2024-08-28T10:04:21.443624+00:00] main.INFO: Cron Job sales_send_order_invoice_emails is missed at 2024-08-27 13:05:00 [] []
[2024-08-28T10:04:21.450386+00:00] main.INFO: Cron Job sales_send_order_invoice_emails is missed at 2024-08-27 13:06:00 [] []
[2024-08-28T10:04:21.457233+00:00] main.INFO: Cron Job sales_send_order_invoice_emails is missed at 2024-08-27 13:07:00 [] []
[2024-08-28T10:04:21.464017+00:00] main.INFO: Cron Job sales_send_order_invoice_emails is missed at 2024-08-27 13:08:00 [] []
[2024-08-28T10:04:21.470859+00:00] main.INFO: Cron Job sales_send_order_invoice_emails is missed at 2024-08-27 13:09:00 [] []
[2024-08-28T10:04:21.477921+00:00] main.INFO: Cron Job sales_send_order_invoice_emails is missed at 2024-08-27 13:10:00 [] []
[2024-08-28T10:04:21.484888+00:00] main.INFO: Cron Job sales_send_order_invoice_emails is missed at 2024-08-27 13:11:00 [] []
[2024-08-28T10:04:21.491810+00:00] main.INFO: Cron Job sales_send_order_invoice_emails is missed at 2024-08-27 13:12:00 [] []
[2024-08-28T10:04:21.498720+00:00] main.INFO: Cron Job sales_send_order_invoice_emails is missed at 2024-08-27 13:13:00 [] []
[2024-08-28T10:04:21.505545+00:00] main.INFO: Cron Job sales_send_order_invoice_emails is missed at 2024-08-27 13:14:00 [] []
[2024-08-28T10:04:21.512297+00:00] main.INFO: Cron Job sales_send_order_shipment_emails is missed at 2024-08-27 12:56:00 [] []
[2024-08-28T10:04:21.519263+00:00] main.INFO: Cron Job sales_send_order_shipment_emails is missed at 2024-08-27 12:57:00 [] []
[2024-08-28T10:04:21.526305+00:00] main.INFO: Cron Job sales_send_order_shipment_emails is missed at 2024-08-27 12:58:00 [] []
[2024-08-28T10:04:21.533243+00:00] main.INFO: Cron Job sales_send_order_shipment_emails is missed at 2024-08-27 12:59:00 [] []
[2024-08-28T10:04:21.540242+00:00] main.INFO: Cron Job sales_send_order_shipment_emails is missed at 2024-08-27 13:00:00 [] []
[2024-08-28T10:04:21.547025+00:00] main.INFO: Cron Job sales_send_order_shipment_emails is missed at 2024-08-27 13:01:00 [] []
[2024-08-28T10:04:21.554189+00:00] main.INFO: Cron Job sales_send_order_shipment_emails is missed at 2024-08-27 13:02:00 [] []
[2024-08-28T10:04:21.561134+00:00] main.INFO: Cron Job sales_send_order_shipment_emails is missed at 2024-08-27 13:03:00 [] []
[2024-08-28T10:04:21.568200+00:00] main.INFO: Cron Job sales_send_order_shipment_emails is missed at 2024-08-27 13:04:00 [] []
[2024-08-28T10:04:21.575080+00:00] main.INFO: Cron Job sales_send_order_shipment_emails is missed at 2024-08-27 13:05:00 [] []
[2024-08-28T10:04:21.582098+00:00] main.INFO: Cron Job sales_send_order_shipment_emails is missed at 2024-08-27 13:06:00 [] []
[2024-08-28T10:04:21.589269+00:00] main.INFO: Cron Job sales_send_order_shipment_emails is missed at 2024-08-27 13:07:00 [] []
[2024-08-28T10:04:21.596245+00:00] main.INFO: Cron Job sales_send_order_shipment_emails is missed at 2024-08-27 13:08:00 [] []
[2024-08-28T10:04:21.602984+00:00] main.INFO: Cron Job sales_send_order_shipment_emails is missed at 2024-08-27 13:09:00 [] []
[2024-08-28T10:04:21.609928+00:00] main.INFO: Cron Job sales_send_order_shipment_emails is missed at 2024-08-27 13:10:00 [] []
[2024-08-28T10:04:21.616735+00:00] main.INFO: Cron Job sales_send_order_shipment_emails is missed at 2024-08-27 13:11:00 [] []
[2024-08-28T10:04:21.623475+00:00] main.INFO: Cron Job sales_send_order_shipment_emails is missed at 2024-08-27 13:12:00 [] []
[2024-08-28T10:04:21.630182+00:00] main.INFO: Cron Job sales_send_order_shipment_emails is missed at 2024-08-27 13:13:00 [] []
[2024-08-28T10:04:21.636919+00:00] main.INFO: Cron Job sales_send_order_shipment_emails is missed at 2024-08-27 13:14:00 [] []
[2024-08-28T10:04:21.658994+00:00] main.INFO: Cron Job sales_send_order_creditmemo_emails is missed at 2024-08-27 12:56:00 [] []
[2024-08-28T10:04:21.668159+00:00] main.INFO: Cron Job sales_send_order_creditmemo_emails is missed at 2024-08-27 12:57:00 [] []
[2024-08-28T10:04:21.677817+00:00] main.INFO: Cron Job sales_send_order_creditmemo_emails is missed at 2024-08-27 12:58:00 [] []
[2024-08-28T10:04:21.684931+00:00] main.INFO: Cron Job sales_send_order_creditmemo_emails is missed at 2024-08-27 12:59:00 [] []
[2024-08-28T10:04:21.691756+00:00] main.INFO: Cron Job sales_send_order_creditmemo_emails is missed at 2024-08-27 13:00:00 [] []
[2024-08-28T10:04:21.701632+00:00] main.INFO: Cron Job sales_send_order_creditmemo_emails is missed at 2024-08-27 13:01:00 [] []
[2024-08-28T10:04:21.709225+00:00] main.INFO: Cron Job sales_send_order_creditmemo_emails is missed at 2024-08-27 13:02:00 [] []
[2024-08-28T10:04:21.716268+00:00] main.INFO: Cron Job sales_send_order_creditmemo_emails is missed at 2024-08-27 13:03:00 [] []
[2024-08-28T10:04:21.723279+00:00] main.INFO: Cron Job sales_send_order_creditmemo_emails is missed at 2024-08-27 13:04:00 [] []
[2024-08-28T10:04:21.730360+00:00] main.INFO: Cron Job sales_send_order_creditmemo_emails is missed at 2024-08-27 13:05:00 [] []
[2024-08-28T10:04:21.737448+00:00] main.INFO: Cron Job sales_send_order_creditmemo_emails is missed at 2024-08-27 13:06:00 [] []
[2024-08-28T10:04:21.744466+00:00] main.INFO: Cron Job sales_send_order_creditmemo_emails is missed at 2024-08-27 13:07:00 [] []
[2024-08-28T10:04:21.751502+00:00] main.INFO: Cron Job sales_send_order_creditmemo_emails is missed at 2024-08-27 13:08:00 [] []
[2024-08-28T10:04:21.758695+00:00] main.INFO: Cron Job sales_send_order_creditmemo_emails is missed at 2024-08-27 13:09:00 [] []
[2024-08-28T10:04:21.765555+00:00] main.INFO: Cron Job sales_send_order_creditmemo_emails is missed at 2024-08-27 13:10:00 [] []
[2024-08-28T10:04:21.772504+00:00] main.INFO: Cron Job sales_send_order_creditmemo_emails is missed at 2024-08-27 13:11:00 [] []
[2024-08-28T10:04:21.779590+00:00] main.INFO: Cron Job sales_send_order_creditmemo_emails is missed at 2024-08-27 13:12:00 [] []
[2024-08-28T10:04:21.787474+00:00] main.INFO: Cron Job sales_send_order_creditmemo_emails is missed at 2024-08-27 13:13:00 [] []
[2024-08-28T10:04:21.794592+00:00] main.INFO: Cron Job sales_send_order_creditmemo_emails is missed at 2024-08-27 13:14:00 [] []
[2024-08-28T10:04:21.801495+00:00] main.INFO: Cron Job analytics_subscribe is missed at 2024-08-27 13:00:00 [] []
[2024-08-28T10:04:21.808419+00:00] main.INFO: Cron Job newsletter_send_all is missed at 2024-08-27 13:00:00 [] []
[2024-08-28T10:04:21.815215+00:00] main.INFO: Cron Job newsletter_send_all is missed at 2024-08-27 13:05:00 [] []
[2024-08-28T10:04:21.822084+00:00] main.INFO: Cron Job newsletter_send_all is missed at 2024-08-27 13:10:00 [] []
[2024-08-28T10:04:21.829288+00:00] main.INFO: Cron Job inventory_in_store_pickup_sales_send_order_notified_emails is missed at 2024-08-27 12:56:00 [] []
[2024-08-28T10:04:21.836466+00:00] main.INFO: Cron Job inventory_in_store_pickup_sales_send_order_notified_emails is missed at 2024-08-27 12:57:00 [] []
[2024-08-28T10:04:21.843687+00:00] main.INFO: Cron Job inventory_in_store_pickup_sales_send_order_notified_emails is missed at 2024-08-27 12:58:00 [] []
[2024-08-28T10:04:21.850880+00:00] main.INFO: Cron Job inventory_in_store_pickup_sales_send_order_notified_emails is missed at 2024-08-27 12:59:00 [] []
[2024-08-28T10:04:21.859585+00:00] main.INFO: Cron Job inventory_in_store_pickup_sales_send_order_notified_emails is missed at 2024-08-27 13:00:00 [] []
[2024-08-28T10:04:21.866788+00:00] main.INFO: Cron Job inventory_in_store_pickup_sales_send_order_notified_emails is missed at 2024-08-27 13:01:00 [] []
[2024-08-28T10:04:21.874004+00:00] main.INFO: Cron Job inventory_in_store_pickup_sales_send_order_notified_emails is missed at 2024-08-27 13:02:00 [] []
[2024-08-28T10:04:21.881406+00:00] main.INFO: Cron Job inventory_in_store_pickup_sales_send_order_notified_emails is missed at 2024-08-27 13:03:00 [] []
[2024-08-28T10:04:21.888604+00:00] main.INFO: Cron Job inventory_in_store_pickup_sales_send_order_notified_emails is missed at 2024-08-27 13:04:00 [] []
[2024-08-28T10:04:21.896208+00:00] main.INFO: Cron Job inventory_in_store_pickup_sales_send_order_notified_emails is missed at 2024-08-27 13:05:00 [] []
[2024-08-28T10:04:21.903402+00:00] main.INFO: Cron Job inventory_in_store_pickup_sales_send_order_notified_emails is missed at 2024-08-27 13:06:00 [] []
[2024-08-28T10:04:21.910893+00:00] main.INFO: Cron Job inventory_in_store_pickup_sales_send_order_notified_emails is missed at 2024-08-27 13:07:00 [] []
[2024-08-28T10:04:21.919023+00:00] main.INFO: Cron Job inventory_in_store_pickup_sales_send_order_notified_emails is missed at 2024-08-27 13:08:00 [] []
[2024-08-28T10:04:21.927363+00:00] main.INFO: Cron Job inventory_in_store_pickup_sales_send_order_notified_emails is missed at 2024-08-27 13:09:00 [] []
[2024-08-28T10:04:21.934492+00:00] main.INFO: Cron Job inventory_in_store_pickup_sales_send_order_notified_emails is missed at 2024-08-27 13:10:00 [] []
[2024-08-28T10:04:21.941713+00:00] main.INFO: Cron Job inventory_in_store_pickup_sales_send_order_notified_emails is missed at 2024-08-27 13:11:00 [] []
[2024-08-28T10:04:21.949092+00:00] main.INFO: Cron Job inventory_in_store_pickup_sales_send_order_notified_emails is missed at 2024-08-27 13:12:00 [] []
[2024-08-28T10:04:21.956383+00:00] main.INFO: Cron Job inventory_in_store_pickup_sales_send_order_notified_emails is missed at 2024-08-27 13:13:00 [] []
[2024-08-28T10:04:21.963480+00:00] main.INFO: Cron Job inventory_in_store_pickup_sales_send_order_notified_emails is missed at 2024-08-27 13:14:00 [] []
[2024-08-28T10:04:21.970567+00:00] main.INFO: Cron Job messagequeue_clean_outdated_locks is missed at 2024-08-27 13:00:00 [] []
[2024-08-28T10:04:21.977771+00:00] main.INFO: Cron Job magento_newrelicreporting_cron is missed at 2024-08-27 12:56:00 [] []
[2024-08-28T10:04:21.985109+00:00] main.INFO: Cron Job magento_newrelicreporting_cron is missed at 2024-08-27 12:58:00 [] []
[2024-08-28T10:04:21.992474+00:00] main.INFO: Cron Job magento_newrelicreporting_cron is missed at 2024-08-27 13:00:00 [] []
[2024-08-28T10:04:21.999529+00:00] main.INFO: Cron Job magento_newrelicreporting_cron is missed at 2024-08-27 13:02:00 [] []
[2024-08-28T10:04:22.006668+00:00] main.INFO: Cron Job magento_newrelicreporting_cron is missed at 2024-08-27 13:04:00 [] []
[2024-08-28T10:04:22.014419+00:00] main.INFO: Cron Job magento_newrelicreporting_cron is missed at 2024-08-27 13:06:00 [] []
[2024-08-28T10:04:22.021765+00:00] main.INFO: Cron Job magento_newrelicreporting_cron is missed at 2024-08-27 13:08:00 [] []
[2024-08-28T10:04:22.028943+00:00] main.INFO: Cron Job magento_newrelicreporting_cron is missed at 2024-08-27 13:10:00 [] []
[2024-08-28T10:04:22.036078+00:00] main.INFO: Cron Job magento_newrelicreporting_cron is missed at 2024-08-27 13:12:00 [] []
[2024-08-28T10:04:22.043288+00:00] main.INFO: Cron Job magento_newrelicreporting_cron is missed at 2024-08-27 13:14:00 [] []
[2024-08-28T10:04:22.051960+00:00] main.INFO: Cron Job captcha_delete_old_attempts is missed at 2024-08-27 13:00:00 [] []
[2024-08-28T10:04:22.058951+00:00] main.INFO: Cron Job captcha_delete_expired_images is missed at 2024-08-27 13:00:00 [] []
[2024-08-28T10:04:22.066091+00:00] main.INFO: Cron Job captcha_delete_expired_images is missed at 2024-08-27 13:10:00 [] []
[2024-08-28T10:04:22.073502+00:00] main.INFO: Cron Job bulk_cleanup is missed at 2024-08-27 12:56:00 [] []
[2024-08-28T10:04:22.080770+00:00] main.INFO: Cron Job bulk_cleanup is missed at 2024-08-27 12:57:00 [] []
[2024-08-28T10:04:22.087878+00:00] main.INFO: Cron Job bulk_cleanup is missed at 2024-08-27 12:58:00 [] []
[2024-08-28T10:04:22.095111+00:00] main.INFO: Cron Job bulk_cleanup is missed at 2024-08-27 12:59:00 [] []
[2024-08-28T10:04:22.102345+00:00] main.INFO: Cron Job bulk_cleanup is missed at 2024-08-27 13:00:00 [] []
[2024-08-28T10:04:22.109868+00:00] main.INFO: Cron Job bulk_cleanup is missed at 2024-08-27 13:01:00 [] []
[2024-08-28T10:04:22.117089+00:00] main.INFO: Cron Job bulk_cleanup is missed at 2024-08-27 13:02:00 [] []
[2024-08-28T10:04:22.124620+00:00] main.INFO: Cron Job bulk_cleanup is missed at 2024-08-27 13:03:00 [] []
[2024-08-28T10:04:22.131893+00:00] main.INFO: Cron Job bulk_cleanup is missed at 2024-08-27 13:04:00 [] []
[2024-08-28T10:04:22.139298+00:00] main.INFO: Cron Job bulk_cleanup is missed at 2024-08-27 13:05:00 [] []
[2024-08-28T10:04:22.146572+00:00] main.INFO: Cron Job bulk_cleanup is missed at 2024-08-27 13:06:00 [] []
[2024-08-28T10:04:22.153456+00:00] main.INFO: Cron Job bulk_cleanup is missed at 2024-08-27 13:07:00 [] []
[2024-08-28T10:04:22.160639+00:00] main.INFO: Cron Job bulk_cleanup is missed at 2024-08-27 13:08:00 [] []
[2024-08-28T10:04:22.167681+00:00] main.INFO: Cron Job bulk_cleanup is missed at 2024-08-27 13:09:00 [] []
[2024-08-28T10:04:22.174799+00:00] main.INFO: Cron Job bulk_cleanup is missed at 2024-08-27 13:10:00 [] []
[2024-08-28T10:04:22.181952+00:00] main.INFO: Cron Job bulk_cleanup is missed at 2024-08-27 13:11:00 [] []
[2024-08-28T10:04:22.189084+00:00] main.INFO: Cron Job bulk_cleanup is missed at 2024-08-27 13:12:00 [] []
[2024-08-28T10:04:22.196292+00:00] main.INFO: Cron Job bulk_cleanup is missed at 2024-08-27 13:13:00 [] []
[2024-08-28T10:04:22.203476+00:00] main.INFO: Cron Job bulk_cleanup is missed at 2024-08-27 13:14:00 [] []
[2024-08-28T10:04:22.214311+00:00] main.INFO: Cron Job bulk_mark_incomplete_operations_as_failed is missed at 2024-08-27 13:00:00 [] []
[2024-08-28T10:04:22.221383+00:00] main.INFO: Cron Job bulk_mark_incomplete_operations_as_failed is missed at 2024-08-27 13:10:00 [] []
[2024-08-28T10:04:22.239880+00:00] main.INFO: Cron Job catalog_product_outdated_price_values_cleanup is run [] []
[2024-08-28T10:04:22.240175+00:00] main.INFO: Cron Job catalog_product_outdated_price_values_cleanup is successfully finished. Statistics: {"sum":0.0005340576171875,"count":1,"realmem":0,"emalloc":8120,"realmem_start":199753728,"emalloc_start":186432152} [] []
[2024-08-28T10:04:22.263113+00:00] main.INFO: Cron Job catalog_product_frontend_actions_flush is run [] []
[2024-08-28T10:04:22.264575+00:00] main.INFO: Cron Job catalog_product_frontend_actions_flush is successfully finished. Statistics: {"sum":0.001417875289917,"count":1,"realmem":0,"emalloc":1448,"realmem_start":199753728,"emalloc_start":186465032} [] []
[2024-08-28T10:04:22.287441+00:00] main.INFO: Cron Job outdated_authentication_failures_cleanup is run [] []
[2024-08-28T10:04:22.288331+00:00] main.INFO: Cron Job outdated_authentication_failures_cleanup is successfully finished. Statistics: {"sum":0.00087690353393555,"count":1,"realmem":0,"emalloc":1448,"realmem_start":199753728,"emalloc_start":186490040} [] []
[2024-08-28T10:04:22.312457+00:00] main.INFO: Cron Job sales_grid_order_async_insert is run [] []
[2024-08-28T10:04:22.312644+00:00] main.INFO: Cron Job sales_grid_order_async_insert is successfully finished. Statistics: {"sum":0.00018692016601562,"count":1,"realmem":0,"emalloc":1072,"realmem_start":199753728,"emalloc_start":186659744} [] []
[2024-08-28T10:04:22.337240+00:00] main.INFO: Cron Job sales_grid_order_invoice_async_insert is run [] []
[2024-08-28T10:04:22.337475+00:00] main.INFO: Cron Job sales_grid_order_invoice_async_insert is successfully finished. Statistics: {"sum":0.0002281665802002,"count":1,"realmem":0,"emalloc":1072,"realmem_start":199753728,"emalloc_start":186664240} [] []
[2024-08-28T10:04:22.359338+00:00] main.INFO: Cron Job sales_grid_order_shipment_async_insert is run [] []
[2024-08-28T10:04:22.359575+00:00] main.INFO: Cron Job sales_grid_order_shipment_async_insert is successfully finished. Statistics: {"sum":0.00022697448730469,"count":1,"realmem":0,"emalloc":1072,"realmem_start":199753728,"emalloc_start":186667888} [] []
[2024-08-28T10:04:22.382585+00:00] main.INFO: Cron Job sales_grid_order_creditmemo_async_insert is run [] []
[2024-08-28T10:04:22.382856+00:00] main.INFO: Cron Job sales_grid_order_creditmemo_async_insert is successfully finished. Statistics: {"sum":0.00027108192443848,"count":1,"realmem":0,"emalloc":1072,"realmem_start":199753728,"emalloc_start":186671664} [] []
[2024-08-28T10:04:22.443846+00:00] main.INFO: Cron Job sales_send_order_emails is run [] []
[2024-08-28T10:04:22.444111+00:00] main.INFO: Cron Job sales_send_order_emails is successfully finished. Statistics: {"sum":0.00026082992553711,"count":1,"realmem":0,"emalloc":1056,"realmem_start":199753728,"emalloc_start":188982048} [] []
[2024-08-28T10:04:22.471173+00:00] main.INFO: Cron Job sales_send_order_invoice_emails is run [] []
[2024-08-28T10:04:22.471472+00:00] main.INFO: Cron Job sales_send_order_invoice_emails is successfully finished. Statistics: {"sum":0.00028586387634277,"count":1,"realmem":0,"emalloc":1072,"realmem_start":199753728,"emalloc_start":189424880} [] []
[2024-08-28T10:04:22.498306+00:00] main.INFO: Cron Job sales_send_order_shipment_emails is run [] []
[2024-08-28T10:04:22.498574+00:00] main.INFO: Cron Job sales_send_order_shipment_emails is successfully finished. Statistics: {"sum":0.00026202201843262,"count":1,"realmem":0,"emalloc":1072,"realmem_start":199753728,"emalloc_start":189707472} [] []
[2024-08-28T10:04:22.524944+00:00] main.INFO: Cron Job sales_send_order_creditmemo_emails is run [] []
[2024-08-28T10:04:22.525221+00:00] main.INFO: Cron Job sales_send_order_creditmemo_emails is successfully finished. Statistics: {"sum":0.00027203559875488,"count":1,"realmem":0,"emalloc":1072,"realmem_start":199753728,"emalloc_start":190026016} [] []
[2024-08-28T10:04:22.547830+00:00] main.INFO: Cron Job inventory_in_store_pickup_sales_send_order_notified_emails is run [] []
[2024-08-28T10:04:22.548072+00:00] main.INFO: Cron Job inventory_in_store_pickup_sales_send_order_notified_emails is successfully finished. Statistics: {"sum":0.0002288818359375,"count":1,"realmem":0,"emalloc":1072,"realmem_start":199753728,"emalloc_start":190034696} [] []
[2024-08-28T10:04:22.586173+00:00] main.INFO: Cron Job magento_newrelicreporting_cron is run [] []
[2024-08-28T10:04:22.586414+00:00] main.INFO: Cron Job magento_newrelicreporting_cron is successfully finished. Statistics: {"sum":0.00023603439331055,"count":1,"realmem":0,"emalloc":1024,"realmem_start":199753728,"emalloc_start":191810920} [] []
[2024-08-28T10:04:22.609401+00:00] main.INFO: Cron Job bulk_cleanup is run [] []
[2024-08-28T10:04:22.610146+00:00] main.INFO: Cron Job bulk_cleanup is successfully finished. Statistics: {"sum":0.0007169246673584,"count":1,"realmem":0,"emalloc":2360,"realmem_start":199753728,"emalloc_start":191817296} [] []
