[2024-08-28T10:00:11.863988+00:00] main.INFO: Broken reference: the 'catalog.compare.sidebar' element cannot be added as child to 'sidebar.additional', because the latter doesn't exist [] []
[2024-08-28T10:00:11.864255+00:00] main.INFO: Broken reference: the 'sale.reorder.sidebar' element cannot be added as child to 'sidebar.additional', because the latter doesn't exist [] []
[2024-08-28T10:00:11.864393+00:00] main.INFO: Broken reference: the 'wishlist_sidebar' element cannot be added as child to 'sidebar.additional', because the latter doesn't exist [] []
[2024-08-28T10:00:12.263825+00:00] main.ERROR: Unable to resolve the source file for 'frontend/Magebit/learning/en_US/underscore-umd.js.map' [] []
[2024-08-28T10:00:12.264012+00:00] main.CRITICAL: Unable to resolve the source file for 'frontend/Magebit/learning/en_US/underscore-umd.js.map' [] []
[2024-08-28T10:00:12.867136+00:00] main.ERROR: Unable to resolve the source file for 'frontend/Magebit/learning/en_US/vimeo/player.js.map' [] []
[2024-08-28T10:00:12.867366+00:00] main.CRITICAL: Unable to resolve the source file for 'frontend/Magebit/learning/en_US/vimeo/player.js.map' [] []
[2024-08-28T10:01:23.024153+00:00] main.INFO: Broken reference: the 'catalog.compare.sidebar' element cannot be added as child to 'sidebar.additional', because the latter doesn't exist [] []
[2024-08-28T10:01:23.024321+00:00] main.INFO: Broken reference: the 'sale.reorder.sidebar' element cannot be added as child to 'sidebar.additional', because the latter doesn't exist [] []
[2024-08-28T10:01:23.024437+00:00] main.INFO: Broken reference: the 'wishlist_sidebar' element cannot be added as child to 'sidebar.additional', because the latter doesn't exist [] []
[2024-08-28T10:01:23.338064+00:00] main.ERROR: Unable to resolve the source file for 'frontend/Magebit/learning/en_US/underscore-umd.js.map' [] []
[2024-08-28T10:01:23.338203+00:00] main.CRITICAL: Unable to resolve the source file for 'frontend/Magebit/learning/en_US/underscore-umd.js.map' [] []
[2024-08-28T10:01:23.902716+00:00] main.ERROR: Unable to resolve the source file for 'frontend/Magebit/learning/en_US/vimeo/player.js.map' [] []
[2024-08-28T10:01:23.902925+00:00] main.CRITICAL: Unable to resolve the source file for 'frontend/Magebit/learning/en_US/vimeo/player.js.map' [] []
[2024-08-28T10:02:01.873073+00:00] main.INFO: Broken reference: the 'catalog.compare.sidebar' element cannot be added as child to 'sidebar.additional', because the latter doesn't exist [] []
[2024-08-28T10:02:01.873225+00:00] main.INFO: Broken reference: the 'sale.reorder.sidebar' element cannot be added as child to 'sidebar.additional', because the latter doesn't exist [] []
[2024-08-28T10:02:01.873333+00:00] main.INFO: Broken reference: the 'wishlist_sidebar' element cannot be added as child to 'sidebar.additional', because the latter doesn't exist [] []
[2024-08-28T10:02:02.144956+00:00] main.ERROR: Unable to resolve the source file for 'frontend/Magebit/learning/en_US/underscore-umd.js.map' [] []
[2024-08-28T10:02:02.145114+00:00] main.CRITICAL: Unable to resolve the source file for 'frontend/Magebit/learning/en_US/underscore-umd.js.map' [] []
[2024-08-28T10:02:02.609711+00:00] main.ERROR: Unable to resolve the source file for 'frontend/Magebit/learning/en_US/vimeo/player.js.map' [] []
[2024-08-28T10:02:02.609926+00:00] main.CRITICAL: Unable to resolve the source file for 'frontend/Magebit/learning/en_US/vimeo/player.js.map' [] []
[2024-08-28T10:02:17.545199+00:00] main.INFO: Broken reference: the 'catalog.compare.sidebar' element cannot be added as child to 'sidebar.additional', because the latter doesn't exist [] []
[2024-08-28T10:02:17.545348+00:00] main.INFO: Broken reference: the 'sale.reorder.sidebar' element cannot be added as child to 'sidebar.additional', because the latter doesn't exist [] []
[2024-08-28T10:02:17.545446+00:00] main.INFO: Broken reference: the 'wishlist_sidebar' element cannot be added as child to 'sidebar.additional', because the latter doesn't exist [] []
[2024-08-28T10:02:17.921437+00:00] main.ERROR: Unable to resolve the source file for 'frontend/Magebit/learning/en_US/underscore-umd.js.map' [] []
[2024-08-28T10:02:17.921686+00:00] main.CRITICAL: Unable to resolve the source file for 'frontend/Magebit/learning/en_US/underscore-umd.js.map' [] []
[2024-08-28T10:02:18.272067+00:00] main.ERROR: Unable to resolve the source file for 'frontend/Magebit/learning/en_US/vimeo/player.js.map' [] []
[2024-08-28T10:02:18.272262+00:00] main.CRITICAL: Unable to resolve the source file for 'frontend/Magebit/learning/en_US/vimeo/player.js.map' [] []
[2024-08-28T10:03:25.704223+00:00] main.ERROR: NOTE: Manual static content deployment is not required in "default" and "developer" modes.
In "default" and "developer" modes static contents are being deployed automatically on demand.
If you still want to deploy in these modes, use -f option: 'bin/magento setup:static-content:deploy -f'
#0 /var/www/magento/public/setup/src/Magento/Setup/Console/Command/DeployStaticContentCommand.php(112): Magento\Setup\Console\Command\DeployStaticContentCommand->checkAppMode()
#1 /var/www/magento/public/vendor/symfony/console/Command/Command.php(326): Magento\Setup\Console\Command\DeployStaticContentCommand->execute()
#2 /var/www/magento/public/vendor/symfony/console/Application.php(1078): Symfony\Component\Console\Command\Command->run()
#3 /var/www/magento/public/vendor/symfony/console/Application.php(324): Symfony\Component\Console\Application->doRunCommand()
#4 /var/www/magento/public/vendor/magento/framework/Console/Cli.php(118): Symfony\Component\Console\Application->doRun()
#5 /var/www/magento/public/vendor/symfony/console/Application.php(175): Magento\Framework\Console\Cli->doRun()
#6 /var/www/magento/public/bin/magento(23): Symfony\Component\Console\Application->run()
#7 {main} [] []
[2024-08-28T10:05:01.408080+00:00] main.WARNING: Memory size allocated for the temporary table is more than 20% of innodb_buffer_pool_size. Please update innodb_buffer_pool_size or decrease batch size value (which decreases memory usages for the temporary table). Current batch size: 100000; Allocated memory size: 50000000 bytes; InnoDB buffer pool size: 134217728 bytes. [] []
[2024-08-28T10:05:01.451929+00:00] main.WARNING: Memory size allocated for the temporary table is more than 20% of innodb_buffer_pool_size. Please update innodb_buffer_pool_size or decrease batch size value (which decreases memory usages for the temporary table). Current batch size: 100000; Allocated memory size: 50000000 bytes; InnoDB buffer pool size: 134217728 bytes. [] []
[2024-08-28T10:05:01.499966+00:00] main.WARNING: Memory size allocated for the temporary table is more than 20% of innodb_buffer_pool_size. Please update innodb_buffer_pool_size or decrease batch size value (which decreases memory usages for the temporary table). Current batch size: 100000; Allocated memory size: 50000000 bytes; InnoDB buffer pool size: 134217728 bytes. [] []
[2024-08-28T10:05:01.768287+00:00] main.WARNING: Memory size allocated for the temporary table is more than 20% of innodb_buffer_pool_size. Please update innodb_buffer_pool_size or decrease batch size value (which decreases memory usages for the temporary table). Current batch size: 100000; Allocated memory size: 50000000 bytes; InnoDB buffer pool size: 134217728 bytes. [] []
[2024-08-28T10:05:01.825733+00:00] main.WARNING: Memory size allocated for the temporary table is more than 20% of innodb_buffer_pool_size. Please update innodb_buffer_pool_size or decrease batch size value (which decreases memory usages for the temporary table). Current batch size: 100000; Allocated memory size: 50000000 bytes; InnoDB buffer pool size: 134217728 bytes. [] []
[2024-08-28T10:05:01.879525+00:00] main.WARNING: Memory size allocated for the temporary table is more than 20% of innodb_buffer_pool_size. Please update innodb_buffer_pool_size or decrease batch size value (which decreases memory usages for the temporary table). Current batch size: 100000; Allocated memory size: 50000000 bytes; InnoDB buffer pool size: 134217728 bytes. [] []
[2024-08-28T10:05:06.634682+00:00] main.WARNING: Memory size allocated for the temporary table is more than 20% of innodb_buffer_pool_size. Please update innodb_buffer_pool_size or decrease batch size value (which decreases memory usages for the temporary table). Current batch size: 3334; Allocated memory size: 50010000 bytes; InnoDB buffer pool size: 134217728 bytes. [] []
[2024-08-28T10:05:19.726391+00:00] main.INFO: Broken reference: the 'catalog.compare.sidebar' element cannot be added as child to 'sidebar.additional', because the latter doesn't exist [] []
[2024-08-28T10:05:19.726549+00:00] main.INFO: Broken reference: the 'sale.reorder.sidebar' element cannot be added as child to 'sidebar.additional', because the latter doesn't exist [] []
[2024-08-28T10:05:19.726673+00:00] main.INFO: Broken reference: the 'wishlist_sidebar' element cannot be added as child to 'sidebar.additional', because the latter doesn't exist [] []
[2024-08-28T10:05:23.361255+00:00] main.ERROR: Unable to resolve the source file for 'frontend/Magebit/learning/en_US/underscore-umd.js.map' [] []
[2024-08-28T10:05:23.361577+00:00] main.CRITICAL: Unable to resolve the source file for 'frontend/Magebit/learning/en_US/underscore-umd.js.map' [] []
[2024-08-28T10:05:26.635116+00:00] main.ERROR: Unable to resolve the source file for 'frontend/Magebit/learning/en_US/vimeo/player.js.map' [] []
[2024-08-28T10:05:26.635648+00:00] main.CRITICAL: Unable to resolve the source file for 'frontend/Magebit/learning/en_US/vimeo/player.js.map' [] []
[2024-08-28T11:51:45.338828+00:00] main.INFO: Broken reference: the 'tracking' element cannot be added as child to 'header', because the latter doesn't exist [] []
[2024-08-28T11:51:45.338951+00:00] main.INFO: Broken reference: the 'notification_area' element cannot be added as child to 'notifications', because the latter doesn't exist [] []
[2024-08-28T11:51:45.339008+00:00] main.INFO: Broken reference: the 'unread_system_messages' element cannot be added as child to 'notifications', because the latter doesn't exist [] []
[2024-08-28T11:51:45.339064+00:00] main.INFO: Broken reference: the 'notification_window' element cannot be added as child to 'notifications', because the latter doesn't exist [] []
[2024-08-28T11:51:45.339118+00:00] main.INFO: Broken reference: the 'notification.messages' element cannot be added as child to 'header', because the latter doesn't exist [] []
[2024-08-28T11:51:45.339173+00:00] main.INFO: Broken reference: the 'global_notices' element cannot be added as child to 'global.notices', because the latter doesn't exist [] []
[2024-08-28T11:51:45.339223+00:00] main.INFO: Broken reference: the 'logo' element cannot be added as child to 'header', because the latter doesn't exist [] []
[2024-08-28T11:51:45.339274+00:00] main.INFO: Broken reference: the 'global.search' element cannot be added as child to 'header', because the latter doesn't exist [] []
[2024-08-28T11:51:45.339328+00:00] main.INFO: Broken reference: the 'user' element cannot be added as child to 'header', because the latter doesn't exist [] []
[2024-08-28T11:51:45.339377+00:00] main.INFO: Broken reference: the 'menu' element cannot be added as child to 'page.menu', because the latter doesn't exist [] []
[2024-08-28T11:51:45.339426+00:00] main.INFO: Broken reference: the 'breadcrumbs' element cannot be added as child to 'page.breadcrumbs', because the latter doesn't exist [] []
[2024-08-28T11:51:45.339475+00:00] main.INFO: Broken reference: the 'formkey' element cannot be added as child to 'page.formkey', because the latter doesn't exist [] []
[2024-08-28T11:51:45.339525+00:00] main.INFO: Broken reference: the 'page.title' element cannot be added as child to 'main.top', because the latter doesn't exist [] []
[2024-08-28T11:51:45.339575+00:00] main.INFO: Broken reference: the 'messages' element cannot be added as child to 'page.messages', because the latter doesn't exist [] []
[2024-08-28T11:51:45.339625+00:00] main.INFO: Broken reference: the 'page.actions.toolbar' element cannot be added as child to 'page.main.actions', because the latter doesn't exist [] []
[2024-08-28T11:51:45.339676+00:00] main.INFO: Broken reference: the 'legal' element cannot be added as child to 'footer', because the latter doesn't exist [] []
[2024-08-28T11:51:45.339785+00:00] main.INFO: Broken reference: the 'header.inner.left' element cannot be added as child to 'header', because the latter doesn't exist [] []
[2024-08-28T11:51:45.339841+00:00] main.INFO: Broken reference: the 'header.inner.right' element cannot be added as child to 'header', because the latter doesn't exist [] []
[2024-08-28T11:51:45.339927+00:00] main.INFO: Broken reference: the 'user' tries to reorder itself towards '', but their parents are different: 'header' and '' respectively. [] []
[2024-08-28T11:51:45.339979+00:00] main.INFO: Broken reference: the 'notification.messages' tries to reorder itself towards 'user', but their parents are different: 'header' and '' respectively. [] []
[2024-08-28T11:51:45.340038+00:00] main.INFO: Broken reference: the 'logo' tries to reorder itself towards '', but their parents are different: 'header' and '' respectively. [] []
[2024-08-28T11:51:45.340094+00:00] main.INFO: Broken reference: the 'global.search' tries to reorder itself towards 'logo', but their parents are different: 'header' and '' respectively. [] []
[2024-08-28T11:51:45.340142+00:00] main.INFO: Broken reference: the 'page.actions.toolbar' tries to reorder itself towards '', but their parents are different: 'page.main.actions' and '' respectively. [] []
[2024-08-28T11:51:45.340205+00:00] main.INFO: Broken reference: the 'header.inner.left' tries to reorder itself towards '', but their parents are different: 'header' and '' respectively. [] []
[2024-08-28T11:51:45.340257+00:00] main.INFO: Broken reference: the 'header.inner.right' tries to reorder itself towards 'header.inner.left', but their parents are different: 'header' and '' respectively. [] []
[2024-08-28T11:51:45.340314+00:00] main.INFO: Broken reference: the 'notification.messages' tries to reorder itself towards 'user', but their parents are different: 'header.inner.right' and '' respectively. [] []
[2024-08-28T11:51:58.450761+00:00] main.INFO: Broken reference: the 'notification.messages' tries to reorder itself towards 'user', but their parents are different: 'header.inner.right' and 'header' respectively. [] []
[2024-08-28T11:52:08.922049+00:00] main.INFO: Broken reference: the 'notification.messages' tries to reorder itself towards 'user', but their parents are different: 'header.inner.right' and 'header' respectively. [] []
[2024-08-28T11:57:58.815088+00:00] main.WARNING: Memory size allocated for the temporary table is more than 20% of innodb_buffer_pool_size. Please update innodb_buffer_pool_size or decrease batch size value (which decreases memory usages for the temporary table). Current batch size: 100000; Allocated memory size: 50000000 bytes; InnoDB buffer pool size: 134217728 bytes. [] []
[2024-08-28T11:57:58.855397+00:00] main.WARNING: Memory size allocated for the temporary table is more than 20% of innodb_buffer_pool_size. Please update innodb_buffer_pool_size or decrease batch size value (which decreases memory usages for the temporary table). Current batch size: 100000; Allocated memory size: 50000000 bytes; InnoDB buffer pool size: 134217728 bytes. [] []
[2024-08-28T11:57:58.896090+00:00] main.WARNING: Memory size allocated for the temporary table is more than 20% of innodb_buffer_pool_size. Please update innodb_buffer_pool_size or decrease batch size value (which decreases memory usages for the temporary table). Current batch size: 100000; Allocated memory size: 50000000 bytes; InnoDB buffer pool size: 134217728 bytes. [] []
[2024-08-28T11:57:59.149970+00:00] main.WARNING: Memory size allocated for the temporary table is more than 20% of innodb_buffer_pool_size. Please update innodb_buffer_pool_size or decrease batch size value (which decreases memory usages for the temporary table). Current batch size: 100000; Allocated memory size: 50000000 bytes; InnoDB buffer pool size: 134217728 bytes. [] []
[2024-08-28T11:57:59.204541+00:00] main.WARNING: Memory size allocated for the temporary table is more than 20% of innodb_buffer_pool_size. Please update innodb_buffer_pool_size or decrease batch size value (which decreases memory usages for the temporary table). Current batch size: 100000; Allocated memory size: 50000000 bytes; InnoDB buffer pool size: 134217728 bytes. [] []
[2024-08-28T11:57:59.246392+00:00] main.WARNING: Memory size allocated for the temporary table is more than 20% of innodb_buffer_pool_size. Please update innodb_buffer_pool_size or decrease batch size value (which decreases memory usages for the temporary table). Current batch size: 100000; Allocated memory size: 50000000 bytes; InnoDB buffer pool size: 134217728 bytes. [] []
[2024-08-28T11:58:04.306607+00:00] main.WARNING: Memory size allocated for the temporary table is more than 20% of innodb_buffer_pool_size. Please update innodb_buffer_pool_size or decrease batch size value (which decreases memory usages for the temporary table). Current batch size: 3334; Allocated memory size: 50010000 bytes; InnoDB buffer pool size: 134217728 bytes. [] []
[2024-08-28T11:58:17.567480+00:00] main.INFO: Broken reference: the 'notification.messages' tries to reorder itself towards 'user', but their parents are different: 'header.inner.right' and 'header' respectively. [] []
[2024-08-28T11:59:06.289875+00:00] main.INFO: Broken reference: the 'notification.messages' tries to reorder itself towards 'user', but their parents are different: 'header.inner.right' and 'header' respectively. [] []
[2024-08-28T11:59:19.558270+00:00] main.INFO: Broken reference: the 'notification.messages' tries to reorder itself towards 'user', but their parents are different: 'header.inner.right' and 'header' respectively. [] []
[2024-08-28T11:59:21.910547+00:00] main.INFO: Broken reference: the 'catalog.compare.sidebar' element cannot be added as child to 'sidebar.additional', because the latter doesn't exist [] []
[2024-08-28T11:59:21.910688+00:00] main.INFO: Broken reference: the 'sale.reorder.sidebar' element cannot be added as child to 'sidebar.additional', because the latter doesn't exist [] []
[2024-08-28T11:59:21.910778+00:00] main.INFO: Broken reference: the 'wishlist_sidebar' element cannot be added as child to 'sidebar.additional', because the latter doesn't exist [] []
[2024-08-28T11:59:37.263956+00:00] main.INFO: Broken reference: the 'catalog.compare.sidebar' element cannot be added as child to 'sidebar.additional', because the latter doesn't exist [] []
[2024-08-28T11:59:37.264118+00:00] main.INFO: Broken reference: the 'sale.reorder.sidebar' element cannot be added as child to 'sidebar.additional', because the latter doesn't exist [] []
[2024-08-28T11:59:37.264214+00:00] main.INFO: Broken reference: the 'wishlist_sidebar' element cannot be added as child to 'sidebar.additional', because the latter doesn't exist [] []
[2024-08-28T11:59:58.610755+00:00] main.INFO: Broken reference: the 'notification.messages' tries to reorder itself towards 'user', but their parents are different: 'header.inner.right' and 'header' respectively. [] []
[2024-08-28T12:00:06.744537+00:00] main.INFO: Broken reference: the 'notification.messages' tries to reorder itself towards 'user', but their parents are different: 'header.inner.right' and 'header' respectively. [] []
[2024-08-28T12:15:45.556044+00:00] main.WARNING: Memory size allocated for the temporary table is more than 20% of innodb_buffer_pool_size. Please update innodb_buffer_pool_size or decrease batch size value (which decreases memory usages for the temporary table). Current batch size: 100000; Allocated memory size: 50000000 bytes; InnoDB buffer pool size: 134217728 bytes. [] []
[2024-08-28T12:15:45.603559+00:00] main.WARNING: Memory size allocated for the temporary table is more than 20% of innodb_buffer_pool_size. Please update innodb_buffer_pool_size or decrease batch size value (which decreases memory usages for the temporary table). Current batch size: 100000; Allocated memory size: 50000000 bytes; InnoDB buffer pool size: 134217728 bytes. [] []
[2024-08-28T12:15:45.646635+00:00] main.WARNING: Memory size allocated for the temporary table is more than 20% of innodb_buffer_pool_size. Please update innodb_buffer_pool_size or decrease batch size value (which decreases memory usages for the temporary table). Current batch size: 100000; Allocated memory size: 50000000 bytes; InnoDB buffer pool size: 134217728 bytes. [] []
[2024-08-28T12:15:45.913562+00:00] main.WARNING: Memory size allocated for the temporary table is more than 20% of innodb_buffer_pool_size. Please update innodb_buffer_pool_size or decrease batch size value (which decreases memory usages for the temporary table). Current batch size: 100000; Allocated memory size: 50000000 bytes; InnoDB buffer pool size: 134217728 bytes. [] []
[2024-08-28T12:15:45.982130+00:00] main.WARNING: Memory size allocated for the temporary table is more than 20% of innodb_buffer_pool_size. Please update innodb_buffer_pool_size or decrease batch size value (which decreases memory usages for the temporary table). Current batch size: 100000; Allocated memory size: 50000000 bytes; InnoDB buffer pool size: 134217728 bytes. [] []
[2024-08-28T12:15:46.028198+00:00] main.WARNING: Memory size allocated for the temporary table is more than 20% of innodb_buffer_pool_size. Please update innodb_buffer_pool_size or decrease batch size value (which decreases memory usages for the temporary table). Current batch size: 100000; Allocated memory size: 50000000 bytes; InnoDB buffer pool size: 134217728 bytes. [] []
[2024-08-28T12:15:54.061641+00:00] main.WARNING: Memory size allocated for the temporary table is more than 20% of innodb_buffer_pool_size. Please update innodb_buffer_pool_size or decrease batch size value (which decreases memory usages for the temporary table). Current batch size: 3334; Allocated memory size: 50010000 bytes; InnoDB buffer pool size: 134217728 bytes. [] []
[2024-08-28T12:19:29.046790+00:00] main.INFO: Broken reference: the 'tracking' element cannot be added as child to 'header', because the latter doesn't exist [] []
[2024-08-28T12:19:29.046883+00:00] main.INFO: Broken reference: the 'notification_area' element cannot be added as child to 'notifications', because the latter doesn't exist [] []
[2024-08-28T12:19:29.046924+00:00] main.INFO: Broken reference: the 'unread_system_messages' element cannot be added as child to 'notifications', because the latter doesn't exist [] []
[2024-08-28T12:19:29.046956+00:00] main.INFO: Broken reference: the 'notification_window' element cannot be added as child to 'notifications', because the latter doesn't exist [] []
[2024-08-28T12:19:29.046989+00:00] main.INFO: Broken reference: the 'notification.messages' element cannot be added as child to 'header', because the latter doesn't exist [] []
[2024-08-28T12:19:29.047024+00:00] main.INFO: Broken reference: the 'global_notices' element cannot be added as child to 'global.notices', because the latter doesn't exist [] []
[2024-08-28T12:19:29.047066+00:00] main.INFO: Broken reference: the 'logo' element cannot be added as child to 'header', because the latter doesn't exist [] []
[2024-08-28T12:19:29.047100+00:00] main.INFO: Broken reference: the 'global.search' element cannot be added as child to 'header', because the latter doesn't exist [] []
[2024-08-28T12:19:29.047129+00:00] main.INFO: Broken reference: the 'user' element cannot be added as child to 'header', because the latter doesn't exist [] []
[2024-08-28T12:19:29.047158+00:00] main.INFO: Broken reference: the 'menu' element cannot be added as child to 'page.menu', because the latter doesn't exist [] []
[2024-08-28T12:19:29.047186+00:00] main.INFO: Broken reference: the 'breadcrumbs' element cannot be added as child to 'page.breadcrumbs', because the latter doesn't exist [] []
[2024-08-28T12:19:29.047215+00:00] main.INFO: Broken reference: the 'formkey' element cannot be added as child to 'page.formkey', because the latter doesn't exist [] []
[2024-08-28T12:19:29.047243+00:00] main.INFO: Broken reference: the 'page.title' element cannot be added as child to 'main.top', because the latter doesn't exist [] []
[2024-08-28T12:19:29.047270+00:00] main.INFO: Broken reference: the 'messages' element cannot be added as child to 'page.messages', because the latter doesn't exist [] []
[2024-08-28T12:19:29.047302+00:00] main.INFO: Broken reference: the 'page.actions.toolbar' element cannot be added as child to 'page.main.actions', because the latter doesn't exist [] []
[2024-08-28T12:19:29.047330+00:00] main.INFO: Broken reference: the 'legal' element cannot be added as child to 'footer', because the latter doesn't exist [] []
[2024-08-28T12:19:29.047392+00:00] main.INFO: Broken reference: the 'header.inner.left' element cannot be added as child to 'header', because the latter doesn't exist [] []
[2024-08-28T12:19:29.047423+00:00] main.INFO: Broken reference: the 'header.inner.right' element cannot be added as child to 'header', because the latter doesn't exist [] []
[2024-08-28T12:19:29.047476+00:00] main.INFO: Broken reference: the 'user' tries to reorder itself towards '', but their parents are different: 'header' and '' respectively. [] []
[2024-08-28T12:19:29.047507+00:00] main.INFO: Broken reference: the 'notification.messages' tries to reorder itself towards 'user', but their parents are different: 'header' and '' respectively. [] []
[2024-08-28T12:19:29.047536+00:00] main.INFO: Broken reference: the 'logo' tries to reorder itself towards '', but their parents are different: 'header' and '' respectively. [] []
[2024-08-28T12:19:29.047563+00:00] main.INFO: Broken reference: the 'global.search' tries to reorder itself towards 'logo', but their parents are different: 'header' and '' respectively. [] []
[2024-08-28T12:19:29.047591+00:00] main.INFO: Broken reference: the 'page.actions.toolbar' tries to reorder itself towards '', but their parents are different: 'page.main.actions' and '' respectively. [] []
[2024-08-28T12:19:29.047629+00:00] main.INFO: Broken reference: the 'header.inner.left' tries to reorder itself towards '', but their parents are different: 'header' and '' respectively. [] []
[2024-08-28T12:19:29.047660+00:00] main.INFO: Broken reference: the 'header.inner.right' tries to reorder itself towards 'header.inner.left', but their parents are different: 'header' and '' respectively. [] []
[2024-08-28T12:19:29.047698+00:00] main.INFO: Broken reference: the 'notification.messages' tries to reorder itself towards 'user', but their parents are different: 'header.inner.right' and '' respectively. [] []
[2024-08-28T12:19:39.309872+00:00] main.INFO: Broken reference: the 'notification.messages' tries to reorder itself towards 'user', but their parents are different: 'header.inner.right' and 'header' respectively. [] []
[2024-08-28T12:19:44.563104+00:00] main.INFO: Broken reference: the 'notification.messages' tries to reorder itself towards 'user', but their parents are different: 'header.inner.right' and 'header' respectively. [] []
[2024-08-28T12:28:51.593018+00:00] main.INFO: Broken reference: the 'notification.messages' tries to reorder itself towards 'user', but their parents are different: 'header.inner.right' and 'header' respectively. [] []
[2024-08-28T12:31:38.566736+00:00] main.WARNING: Memory size allocated for the temporary table is more than 20% of innodb_buffer_pool_size. Please update innodb_buffer_pool_size or decrease batch size value (which decreases memory usages for the temporary table). Current batch size: 100000; Allocated memory size: 50000000 bytes; InnoDB buffer pool size: 134217728 bytes. [] []
[2024-08-28T12:31:38.605259+00:00] main.WARNING: Memory size allocated for the temporary table is more than 20% of innodb_buffer_pool_size. Please update innodb_buffer_pool_size or decrease batch size value (which decreases memory usages for the temporary table). Current batch size: 100000; Allocated memory size: 50000000 bytes; InnoDB buffer pool size: 134217728 bytes. [] []
[2024-08-28T12:31:38.647562+00:00] main.WARNING: Memory size allocated for the temporary table is more than 20% of innodb_buffer_pool_size. Please update innodb_buffer_pool_size or decrease batch size value (which decreases memory usages for the temporary table). Current batch size: 100000; Allocated memory size: 50000000 bytes; InnoDB buffer pool size: 134217728 bytes. [] []
[2024-08-28T12:31:38.897475+00:00] main.WARNING: Memory size allocated for the temporary table is more than 20% of innodb_buffer_pool_size. Please update innodb_buffer_pool_size or decrease batch size value (which decreases memory usages for the temporary table). Current batch size: 100000; Allocated memory size: 50000000 bytes; InnoDB buffer pool size: 134217728 bytes. [] []
[2024-08-28T12:31:38.946943+00:00] main.WARNING: Memory size allocated for the temporary table is more than 20% of innodb_buffer_pool_size. Please update innodb_buffer_pool_size or decrease batch size value (which decreases memory usages for the temporary table). Current batch size: 100000; Allocated memory size: 50000000 bytes; InnoDB buffer pool size: 134217728 bytes. [] []
[2024-08-28T12:31:38.987988+00:00] main.WARNING: Memory size allocated for the temporary table is more than 20% of innodb_buffer_pool_size. Please update innodb_buffer_pool_size or decrease batch size value (which decreases memory usages for the temporary table). Current batch size: 100000; Allocated memory size: 50000000 bytes; InnoDB buffer pool size: 134217728 bytes. [] []
[2024-08-28T12:31:43.845335+00:00] main.WARNING: Memory size allocated for the temporary table is more than 20% of innodb_buffer_pool_size. Please update innodb_buffer_pool_size or decrease batch size value (which decreases memory usages for the temporary table). Current batch size: 3334; Allocated memory size: 50010000 bytes; InnoDB buffer pool size: 134217728 bytes. [] []
[2024-08-28T12:32:02.091911+00:00] main.INFO: Broken reference: the 'notification.messages' tries to reorder itself towards 'user', but their parents are different: 'header.inner.right' and 'header' respectively. [] []
[2024-08-28T12:32:48.518963+00:00] main.INFO: Broken reference: the 'notification.messages' tries to reorder itself towards 'user', but their parents are different: 'header.inner.right' and 'header' respectively. [] []
[2024-08-28T12:33:00.319477+00:00] main.INFO: Broken reference: the 'notification.messages' tries to reorder itself towards 'user', but their parents are different: 'header.inner.right' and 'header' respectively. [] []
[2024-08-28T12:33:07.221305+00:00] main.INFO: Broken reference: the 'notification.messages' tries to reorder itself towards 'user', but their parents are different: 'header.inner.right' and 'header' respectively. [] []
[2024-08-28T12:34:29.996390+00:00] main.INFO: Broken reference: the 'notification.messages' tries to reorder itself towards 'user', but their parents are different: 'header.inner.right' and 'header' respectively. [] []
[2024-08-28T12:35:26.797174+00:00] main.INFO: Broken reference: the 'notification.messages' tries to reorder itself towards 'user', but their parents are different: 'header.inner.right' and 'header' respectively. [] []
[2024-08-28T12:35:46.533564+00:00] main.INFO: Broken reference: the 'notification.messages' tries to reorder itself towards 'user', but their parents are different: 'header.inner.right' and 'header' respectively. [] []
[2024-08-28T12:35:53.978704+00:00] main.INFO: Broken reference: the 'notification.messages' tries to reorder itself towards 'user', but their parents are different: 'header.inner.right' and 'header' respectively. [] []
[2024-08-28T13:32:40.014970+00:00] main.ERROR: Unable to resolve the source file for 'frontend/Magento/luma/en_US/underscore-umd.js.map' [] []
[2024-08-28T13:32:40.015161+00:00] main.CRITICAL: Unable to resolve the source file for 'frontend/Magento/luma/en_US/underscore-umd.js.map' [] []
[2024-08-28T13:32:42.959314+00:00] main.INFO: Broken reference: the 'catalog.compare.sidebar' element cannot be added as child to 'sidebar.additional', because the latter doesn't exist [] []
[2024-08-28T13:32:42.959436+00:00] main.INFO: Broken reference: the 'sale.reorder.sidebar' element cannot be added as child to 'sidebar.additional', because the latter doesn't exist [] []
[2024-08-28T13:32:42.959518+00:00] main.INFO: Broken reference: the 'wishlist_sidebar' element cannot be added as child to 'sidebar.additional', because the latter doesn't exist [] []
[2024-08-28T13:32:45.298440+00:00] main.ERROR: Unable to resolve the source file for 'frontend/Magebit/learning/en_US/underscore-umd.js.map' [] []
[2024-08-28T13:32:45.298646+00:00] main.CRITICAL: Unable to resolve the source file for 'frontend/Magebit/learning/en_US/underscore-umd.js.map' [] []
[2024-08-28T13:32:46.967270+00:00] main.ERROR: Unable to resolve the source file for 'frontend/Magento/luma/en_US/underscore-umd.js.map' [] []
[2024-08-28T13:32:46.967410+00:00] main.CRITICAL: Unable to resolve the source file for 'frontend/Magento/luma/en_US/underscore-umd.js.map' [] []
[2024-08-28T13:32:50.437450+00:00] main.INFO: Broken reference: the 'catalog.compare.sidebar' element cannot be added as child to 'sidebar.additional', because the latter doesn't exist [] []
[2024-08-28T13:32:50.437582+00:00] main.INFO: Broken reference: the 'sale.reorder.sidebar' element cannot be added as child to 'sidebar.additional', because the latter doesn't exist [] []
[2024-08-28T13:32:50.437676+00:00] main.INFO: Broken reference: the 'wishlist_sidebar' element cannot be added as child to 'sidebar.additional', because the latter doesn't exist [] []
[2024-08-28T13:32:50.809759+00:00] main.ERROR: Unable to resolve the source file for 'frontend/Magebit/learning/en_US/underscore-umd.js.map' [] []
[2024-08-28T13:32:50.809990+00:00] main.CRITICAL: Unable to resolve the source file for 'frontend/Magebit/learning/en_US/underscore-umd.js.map' [] []
[2024-08-28T13:32:51.852749+00:00] main.ERROR: Unable to resolve the source file for 'frontend/Magebit/learning/en_US/vimeo/player.js.map' [] []
[2024-08-28T13:32:51.852974+00:00] main.CRITICAL: Unable to resolve the source file for 'frontend/Magebit/learning/en_US/vimeo/player.js.map' [] []
[2024-08-28T13:32:52.492948+00:00] main.ERROR: Unable to resolve the source file for 'frontend/Magento/luma/en_US/underscore-umd.js.map' [] []
[2024-08-28T13:32:52.493130+00:00] main.CRITICAL: Unable to resolve the source file for 'frontend/Magento/luma/en_US/underscore-umd.js.map' [] []
[2024-08-28T13:33:02.246806+00:00] main.INFO: Broken reference: the 'catalog.compare.sidebar' element cannot be added as child to 'sidebar.additional', because the latter doesn't exist [] []
[2024-08-28T13:33:02.246946+00:00] main.INFO: Broken reference: the 'sale.reorder.sidebar' element cannot be added as child to 'sidebar.additional', because the latter doesn't exist [] []
[2024-08-28T13:33:02.247042+00:00] main.INFO: Broken reference: the 'wishlist_sidebar' element cannot be added as child to 'sidebar.additional', because the latter doesn't exist [] []
[2024-08-28T13:33:02.568947+00:00] main.ERROR: Unable to resolve the source file for 'frontend/Magebit/learning/en_US/underscore-umd.js.map' [] []
[2024-08-28T13:33:02.569080+00:00] main.CRITICAL: Unable to resolve the source file for 'frontend/Magebit/learning/en_US/underscore-umd.js.map' [] []
[2024-08-28T13:33:03.092256+00:00] main.ERROR: Unable to resolve the source file for 'frontend/Magebit/learning/en_US/vimeo/player.js.map' [] []
[2024-08-28T13:33:03.092406+00:00] main.CRITICAL: Unable to resolve the source file for 'frontend/Magebit/learning/en_US/vimeo/player.js.map' [] []
[2024-08-28T13:33:07.955332+00:00] main.INFO: Broken reference: the 'catalog.compare.sidebar' element cannot be added as child to 'sidebar.additional', because the latter doesn't exist [] []
[2024-08-28T13:33:07.955474+00:00] main.INFO: Broken reference: the 'sale.reorder.sidebar' element cannot be added as child to 'sidebar.additional', because the latter doesn't exist [] []
[2024-08-28T13:33:07.955571+00:00] main.INFO: Broken reference: the 'wishlist_sidebar' element cannot be added as child to 'sidebar.additional', because the latter doesn't exist [] []
[2024-08-28T13:33:08.319928+00:00] main.ERROR: Unable to resolve the source file for 'frontend/Magebit/learning/en_US/underscore-umd.js.map' [] []
[2024-08-28T13:33:08.320115+00:00] main.CRITICAL: Unable to resolve the source file for 'frontend/Magebit/learning/en_US/underscore-umd.js.map' [] []
[2024-08-28T13:33:08.755972+00:00] main.ERROR: Unable to resolve the source file for 'frontend/Magebit/learning/en_US/vimeo/player.js.map' [] []
[2024-08-28T13:33:08.756121+00:00] main.CRITICAL: Unable to resolve the source file for 'frontend/Magebit/learning/en_US/vimeo/player.js.map' [] []
[2024-08-28T13:35:10.901432+00:00] main.INFO: Broken reference: the 'catalog.compare.sidebar' element cannot be added as child to 'sidebar.additional', because the latter doesn't exist [] []
[2024-08-28T13:35:10.901562+00:00] main.INFO: Broken reference: the 'sale.reorder.sidebar' element cannot be added as child to 'sidebar.additional', because the latter doesn't exist [] []
[2024-08-28T13:35:10.901653+00:00] main.INFO: Broken reference: the 'wishlist_sidebar' element cannot be added as child to 'sidebar.additional', because the latter doesn't exist [] []
[2024-08-28T13:35:11.233809+00:00] main.ERROR: Unable to resolve the source file for 'frontend/Magebit/learning/en_US/underscore-umd.js.map' [] []
[2024-08-28T13:35:11.234012+00:00] main.CRITICAL: Unable to resolve the source file for 'frontend/Magebit/learning/en_US/underscore-umd.js.map' [] []
[2024-08-28T13:35:11.699157+00:00] main.ERROR: Unable to resolve the source file for 'frontend/Magebit/learning/en_US/vimeo/player.js.map' [] []
[2024-08-28T13:35:11.699356+00:00] main.CRITICAL: Unable to resolve the source file for 'frontend/Magebit/learning/en_US/vimeo/player.js.map' [] []
[2024-08-28T13:53:54.627866+00:00] main.ERROR: Unable to resolve the source file for 'frontend/Magebit/learning/en_US/underscore-umd.js.map' [] []
[2024-08-28T13:53:54.628011+00:00] main.CRITICAL: Unable to resolve the source file for 'frontend/Magebit/learning/en_US/underscore-umd.js.map' [] []
[2024-08-28T13:53:54.638097+00:00] main.ERROR: Unable to resolve the source file for 'frontend/Magebit/learning/en_US/vimeo/player.js.map' [] []
[2024-08-28T13:53:54.638234+00:00] main.CRITICAL: Unable to resolve the source file for 'frontend/Magebit/learning/en_US/vimeo/player.js.map' [] []
